CRITICAL - 2022-04-11 13:04:35 --> Class "App\Controllers\Buskidicoin\BaseController" not found
#0 F:\XAMPP\htdocs\GithubPI\e-money-kelompok-2\buskidistore\system\Autoloader\Autoloader.php(264): include_once()
#1 F:\XAMPP\htdocs\GithubPI\e-money-kelompok-2\buskidistore\system\Autoloader\Autoloader.php(241): CodeIgniter\Autoloader\Autoloader->includeFile('F:\\XAMPP\\htdocs...')
#2 F:\XAMPP\htdocs\GithubPI\e-money-kelompok-2\buskidistore\system\Autoloader\Autoloader.php(219): CodeIgniter\Autoloader\Autoloader->loadInNamespace('App\\Controllers...')
#3 [internal function]: CodeIgniter\Autoloader\Autoloader->loadClass('App\\Controllers...')
#4 F:\XAMPP\htdocs\GithubPI\e-money-kelompok-2\buskidistore\system\CodeIgniter.php(797): class_exists('\\App\\Controller...', true)
#5 F:\XAMPP\htdocs\GithubPI\e-money-kelompok-2\buskidistore\system\CodeIgniter.php(406): CodeIgniter\CodeIgniter->startController()
#6 F:\XAMPP\htdocs\GithubPI\e-money-kelompok-2\buskidistore\system\CodeIgniter.php(326): CodeIgniter\CodeIgniter->handleRequest(NULL, Object(Config\Cache), false)
#7 F:\XAMPP\htdocs\GithubPI\e-money-kelompok-2\buskidistore\public\index.php(37): CodeIgniter\CodeIgniter->run()
#8 {main}
CRITICAL - 2022-04-11 13:04:55 --> Class "Codeigniter\Model" not found
#0 F:\XAMPP\htdocs\GithubPI\e-money-kelompok-2\buskidistore\system\Autoloader\Autoloader.php(264): include_once()
#1 F:\XAMPP\htdocs\GithubPI\e-money-kelompok-2\buskidistore\system\Autoloader\Autoloader.php(241): CodeIgniter\Autoloader\Autoloader->includeFile('F:\\XAMPP\\htdocs...')
#2 F:\XAMPP\htdocs\GithubPI\e-money-kelompok-2\buskidistore\system\Autoloader\Autoloader.php(219): CodeIgniter\Autoloader\Autoloader->loadInNamespace('App\\Models\\Mode...')
#3 F:\XAMPP\htdocs\GithubPI\e-money-kelompok-2\buskidistore\app\Controllers\buskidicoin\admin.php(15): CodeIgniter\Autoloader\Autoloader->loadClass('App\\Models\\Mode...')
#4 F:\XAMPP\htdocs\GithubPI\e-money-kelompok-2\buskidistore\system\CodeIgniter.php(809): App\Controllers\Buskidicoin\admin->__construct()
#5 F:\XAMPP\htdocs\GithubPI\e-money-kelompok-2\buskidistore\system\CodeIgniter.php(410): CodeIgniter\CodeIgniter->createController()
#6 F:\XAMPP\htdocs\GithubPI\e-money-kelompok-2\buskidistore\system\CodeIgniter.php(326): CodeIgniter\CodeIgniter->handleRequest(NULL, Object(Config\Cache), false)
#7 F:\XAMPP\htdocs\GithubPI\e-money-kelompok-2\buskidistore\public\index.php(37): CodeIgniter\CodeIgniter->run()
#8 {main}
CRITICAL - 2022-04-11 13:07:53 --> Call to undefined method App\Controllers\Buskidicoin\admin::response()
#0 F:\XAMPP\htdocs\GithubPI\e-money-kelompok-2\buskidistore\system\CodeIgniter.php(832): App\Controllers\Buskidicoin\admin->see_all_data()
#1 F:\XAMPP\htdocs\GithubPI\e-money-kelompok-2\buskidistore\system\CodeIgniter.php(419): CodeIgniter\CodeIgniter->runController(Object(App\Controllers\Buskidicoin\admin))
#2 F:\XAMPP\htdocs\GithubPI\e-money-kelompok-2\buskidistore\system\CodeIgniter.php(326): CodeIgniter\CodeIgniter->handleRequest(NULL, Object(Config\Cache), false)
#3 F:\XAMPP\htdocs\GithubPI\e-money-kelompok-2\buskidistore\public\index.php(37): CodeIgniter\CodeIgniter->run()
#4 {main}
ERROR - 2022-04-11 13:21:03 --> Column 'account_username' cannot be null
CRITICAL - 2022-04-11 13:21:03 --> Column 'account_username' cannot be null
#0 F:\XAMPP\htdocs\GithubPI\e-money-kelompok-2\buskidistore\system\Database\MySQLi\Connection.php(292): mysqli->query('INSERT INTO `ac...', 0)
#1 F:\XAMPP\htdocs\GithubPI\e-money-kelompok-2\buskidistore\system\Database\BaseConnection.php(670): CodeIgniter\Database\MySQLi\Connection->execute('INSERT INTO `ac...')
#2 F:\XAMPP\htdocs\GithubPI\e-money-kelompok-2\buskidistore\system\Database\BaseConnection.php(598): CodeIgniter\Database\BaseConnection->simpleQuery('INSERT INTO `ac...')
#3 F:\XAMPP\htdocs\GithubPI\e-money-kelompok-2\buskidistore\system\Database\BaseBuilder.php(1771): CodeIgniter\Database\BaseConnection->query('INSERT INTO `ac...', Array, false)
#4 F:\XAMPP\htdocs\GithubPI\e-money-kelompok-2\buskidistore\system\Model.php(239): CodeIgniter\Database\BaseBuilder->insert()
#5 F:\XAMPP\htdocs\GithubPI\e-money-kelompok-2\buskidistore\system\BaseModel.php(738): CodeIgniter\Model->doInsert(Array)
#6 F:\XAMPP\htdocs\GithubPI\e-money-kelompok-2\buskidistore\system\Model.php(625): CodeIgniter\BaseModel->insert(Array, false)
#7 F:\XAMPP\htdocs\GithubPI\e-money-kelompok-2\buskidistore\system\BaseModel.php(658): CodeIgniter\Model->insert(Array, false)
#8 F:\XAMPP\htdocs\GithubPI\e-money-kelompok-2\buskidistore\app\Controllers\buskidicoin\publics.php(29): CodeIgniter\BaseModel->save(Array)
#9 F:\XAMPP\htdocs\GithubPI\e-money-kelompok-2\buskidistore\system\CodeIgniter.php(832): App\Controllers\Buskidicoin\publics->register()
#10 F:\XAMPP\htdocs\GithubPI\e-money-kelompok-2\buskidistore\system\CodeIgniter.php(419): CodeIgniter\CodeIgniter->runController(Object(App\Controllers\Buskidicoin\publics))
#11 F:\XAMPP\htdocs\GithubPI\e-money-kelompok-2\buskidistore\system\CodeIgniter.php(326): CodeIgniter\CodeIgniter->handleRequest(NULL, Object(Config\Cache), false)
#12 F:\XAMPP\htdocs\GithubPI\e-money-kelompok-2\buskidistore\public\index.php(37): CodeIgniter\CodeIgniter->run()
#13 {main}
ERROR - 2022-04-11 13:22:47 --> Duplicate entry '123' for key 'account_pin'
CRITICAL - 2022-04-11 13:22:47 --> Duplicate entry '123' for key 'account_pin'
#0 F:\XAMPP\htdocs\GithubPI\e-money-kelompok-2\buskidistore\system\Database\MySQLi\Connection.php(292): mysqli->query('INSERT INTO `ac...', 0)
#1 F:\XAMPP\htdocs\GithubPI\e-money-kelompok-2\buskidistore\system\Database\BaseConnection.php(670): CodeIgniter\Database\MySQLi\Connection->execute('INSERT INTO `ac...')
#2 F:\XAMPP\htdocs\GithubPI\e-money-kelompok-2\buskidistore\system\Database\BaseConnection.php(598): CodeIgniter\Database\BaseConnection->simpleQuery('INSERT INTO `ac...')
#3 F:\XAMPP\htdocs\GithubPI\e-money-kelompok-2\buskidistore\system\Database\BaseBuilder.php(1771): CodeIgniter\Database\BaseConnection->query('INSERT INTO `ac...', Array, false)
#4 F:\XAMPP\htdocs\GithubPI\e-money-kelompok-2\buskidistore\system\Model.php(239): CodeIgniter\Database\BaseBuilder->insert()
#5 F:\XAMPP\htdocs\GithubPI\e-money-kelompok-2\buskidistore\system\BaseModel.php(738): CodeIgniter\Model->doInsert(Array)
#6 F:\XAMPP\htdocs\GithubPI\e-money-kelompok-2\buskidistore\system\Model.php(625): CodeIgniter\BaseModel->insert(Array, false)
#7 F:\XAMPP\htdocs\GithubPI\e-money-kelompok-2\buskidistore\system\BaseModel.php(658): CodeIgniter\Model->insert(Array, false)
#8 F:\XAMPP\htdocs\GithubPI\e-money-kelompok-2\buskidistore\app\Controllers\buskidicoin\publics.php(29): CodeIgniter\BaseModel->save(Array)
#9 F:\XAMPP\htdocs\GithubPI\e-money-kelompok-2\buskidistore\system\CodeIgniter.php(832): App\Controllers\Buskidicoin\publics->register()
#10 F:\XAMPP\htdocs\GithubPI\e-money-kelompok-2\buskidistore\system\CodeIgniter.php(419): CodeIgniter\CodeIgniter->runController(Object(App\Controllers\Buskidicoin\publics))
#11 F:\XAMPP\htdocs\GithubPI\e-money-kelompok-2\buskidistore\system\CodeIgniter.php(326): CodeIgniter\CodeIgniter->handleRequest(NULL, Object(Config\Cache), false)
#12 F:\XAMPP\htdocs\GithubPI\e-money-kelompok-2\buskidistore\public\index.php(37): CodeIgniter\CodeIgniter->run()
#13 {main}
ERROR - 2022-04-11 13:23:16 --> Duplicate entry '0' for key 'PRIMARY'
CRITICAL - 2022-04-11 13:23:16 --> Duplicate entry '0' for key 'PRIMARY'
#0 F:\XAMPP\htdocs\GithubPI\e-money-kelompok-2\buskidistore\system\Database\MySQLi\Connection.php(292): mysqli->query('INSERT INTO `ac...', 0)
#1 F:\XAMPP\htdocs\GithubPI\e-money-kelompok-2\buskidistore\system\Database\BaseConnection.php(670): CodeIgniter\Database\MySQLi\Connection->execute('INSERT INTO `ac...')
#2 F:\XAMPP\htdocs\GithubPI\e-money-kelompok-2\buskidistore\system\Database\BaseConnection.php(598): CodeIgniter\Database\BaseConnection->simpleQuery('INSERT INTO `ac...')
#3 F:\XAMPP\htdocs\GithubPI\e-money-kelompok-2\buskidistore\system\Database\BaseBuilder.php(1771): CodeIgniter\Database\BaseConnection->query('INSERT INTO `ac...', Array, false)
#4 F:\XAMPP\htdocs\GithubPI\e-money-kelompok-2\buskidistore\system\Model.php(239): CodeIgniter\Database\BaseBuilder->insert()
#5 F:\XAMPP\htdocs\GithubPI\e-money-kelompok-2\buskidistore\system\BaseModel.php(738): CodeIgniter\Model->doInsert(Array)
#6 F:\XAMPP\htdocs\GithubPI\e-money-kelompok-2\buskidistore\system\Model.php(625): CodeIgniter\BaseModel->insert(Array, false)
#7 F:\XAMPP\htdocs\GithubPI\e-money-kelompok-2\buskidistore\system\BaseModel.php(658): CodeIgniter\Model->insert(Array, false)
#8 F:\XAMPP\htdocs\GithubPI\e-money-kelompok-2\buskidistore\app\Controllers\buskidicoin\publics.php(29): CodeIgniter\BaseModel->save(Array)
#9 F:\XAMPP\htdocs\GithubPI\e-money-kelompok-2\buskidistore\system\CodeIgniter.php(832): App\Controllers\Buskidicoin\publics->register()
#10 F:\XAMPP\htdocs\GithubPI\e-money-kelompok-2\buskidistore\system\CodeIgniter.php(419): CodeIgniter\CodeIgniter->runController(Object(App\Controllers\Buskidicoin\publics))
#11 F:\XAMPP\htdocs\GithubPI\e-money-kelompok-2\buskidistore\system\CodeIgniter.php(326): CodeIgniter\CodeIgniter->handleRequest(NULL, Object(Config\Cache), false)
#12 F:\XAMPP\htdocs\GithubPI\e-money-kelompok-2\buskidistore\public\index.php(37): CodeIgniter\CodeIgniter->run()
#13 {main}
ERROR - 2022-04-11 13:23:35 --> Duplicate entry '0' for key 'PRIMARY'
CRITICAL - 2022-04-11 13:23:35 --> Duplicate entry '0' for key 'PRIMARY'
#0 F:\XAMPP\htdocs\GithubPI\e-money-kelompok-2\buskidistore\system\Database\MySQLi\Connection.php(292): mysqli->query('INSERT INTO `ac...', 0)
#1 F:\XAMPP\htdocs\GithubPI\e-money-kelompok-2\buskidistore\system\Database\BaseConnection.php(670): CodeIgniter\Database\MySQLi\Connection->execute('INSERT INTO `ac...')
#2 F:\XAMPP\htdocs\GithubPI\e-money-kelompok-2\buskidistore\system\Database\BaseConnection.php(598): CodeIgniter\Database\BaseConnection->simpleQuery('INSERT INTO `ac...')
#3 F:\XAMPP\htdocs\GithubPI\e-money-kelompok-2\buskidistore\system\Database\BaseBuilder.php(1771): CodeIgniter\Database\BaseConnection->query('INSERT INTO `ac...', Array, false)
#4 F:\XAMPP\htdocs\GithubPI\e-money-kelompok-2\buskidistore\system\Model.php(239): CodeIgniter\Database\BaseBuilder->insert()
#5 F:\XAMPP\htdocs\GithubPI\e-money-kelompok-2\buskidistore\system\BaseModel.php(738): CodeIgniter\Model->doInsert(Array)
#6 F:\XAMPP\htdocs\GithubPI\e-money-kelompok-2\buskidistore\system\Model.php(625): CodeIgniter\BaseModel->insert(Array, false)
#7 F:\XAMPP\htdocs\GithubPI\e-money-kelompok-2\buskidistore\system\BaseModel.php(658): CodeIgniter\Model->insert(Array, false)
#8 F:\XAMPP\htdocs\GithubPI\e-money-kelompok-2\buskidistore\app\Controllers\buskidicoin\publics.php(29): CodeIgniter\BaseModel->save(Array)
#9 F:\XAMPP\htdocs\GithubPI\e-money-kelompok-2\buskidistore\system\CodeIgniter.php(832): App\Controllers\Buskidicoin\publics->register()
#10 F:\XAMPP\htdocs\GithubPI\e-money-kelompok-2\buskidistore\system\CodeIgniter.php(419): CodeIgniter\CodeIgniter->runController(Object(App\Controllers\Buskidicoin\publics))
#11 F:\XAMPP\htdocs\GithubPI\e-money-kelompok-2\buskidistore\system\CodeIgniter.php(326): CodeIgniter\CodeIgniter->handleRequest(NULL, Object(Config\Cache), false)
#12 F:\XAMPP\htdocs\GithubPI\e-money-kelompok-2\buskidistore\public\index.php(37): CodeIgniter\CodeIgniter->run()
#13 {main}
ERROR - 2022-04-11 13:24:12 --> Duplicate entry '0' for key 'PRIMARY'
CRITICAL - 2022-04-11 13:24:12 --> Duplicate entry '0' for key 'PRIMARY'
#0 F:\XAMPP\htdocs\GithubPI\e-money-kelompok-2\buskidistore\system\Database\MySQLi\Connection.php(292): mysqli->query('INSERT INTO `ac...', 0)
#1 F:\XAMPP\htdocs\GithubPI\e-money-kelompok-2\buskidistore\system\Database\BaseConnection.php(670): CodeIgniter\Database\MySQLi\Connection->execute('INSERT INTO `ac...')
#2 F:\XAMPP\htdocs\GithubPI\e-money-kelompok-2\buskidistore\system\Database\BaseConnection.php(598): CodeIgniter\Database\BaseConnection->simpleQuery('INSERT INTO `ac...')
#3 F:\XAMPP\htdocs\GithubPI\e-money-kelompok-2\buskidistore\system\Database\BaseBuilder.php(1771): CodeIgniter\Database\BaseConnection->query('INSERT INTO `ac...', Array, false)
#4 F:\XAMPP\htdocs\GithubPI\e-money-kelompok-2\buskidistore\system\Model.php(239): CodeIgniter\Database\BaseBuilder->insert()
#5 F:\XAMPP\htdocs\GithubPI\e-money-kelompok-2\buskidistore\system\BaseModel.php(738): CodeIgniter\Model->doInsert(Array)
#6 F:\XAMPP\htdocs\GithubPI\e-money-kelompok-2\buskidistore\system\Model.php(625): CodeIgniter\BaseModel->insert(Array, false)
#7 F:\XAMPP\htdocs\GithubPI\e-money-kelompok-2\buskidistore\system\BaseModel.php(658): CodeIgniter\Model->insert(Array, false)
#8 F:\XAMPP\htdocs\GithubPI\e-money-kelompok-2\buskidistore\app\Controllers\buskidicoin\publics.php(29): CodeIgniter\BaseModel->save(Array)
#9 F:\XAMPP\htdocs\GithubPI\e-money-kelompok-2\buskidistore\system\CodeIgniter.php(832): App\Controllers\Buskidicoin\publics->register()
#10 F:\XAMPP\htdocs\GithubPI\e-money-kelompok-2\buskidistore\system\CodeIgniter.php(419): CodeIgniter\CodeIgniter->runController(Object(App\Controllers\Buskidicoin\publics))
#11 F:\XAMPP\htdocs\GithubPI\e-money-kelompok-2\buskidistore\system\CodeIgniter.php(326): CodeIgniter\CodeIgniter->handleRequest(NULL, Object(Config\Cache), false)
#12 F:\XAMPP\htdocs\GithubPI\e-money-kelompok-2\buskidistore\public\index.php(37): CodeIgniter\CodeIgniter->run()
#13 {main}
ERROR - 2022-04-11 13:24:34 --> Duplicate entry '0' for key 'PRIMARY'
CRITICAL - 2022-04-11 13:24:34 --> Duplicate entry '0' for key 'PRIMARY'
#0 F:\XAMPP\htdocs\GithubPI\e-money-kelompok-2\buskidistore\system\Database\MySQLi\Connection.php(292): mysqli->query('INSERT INTO `ac...', 0)
#1 F:\XAMPP\htdocs\GithubPI\e-money-kelompok-2\buskidistore\system\Database\BaseConnection.php(670): CodeIgniter\Database\MySQLi\Connection->execute('INSERT INTO `ac...')
#2 F:\XAMPP\htdocs\GithubPI\e-money-kelompok-2\buskidistore\system\Database\BaseConnection.php(598): CodeIgniter\Database\BaseConnection->simpleQuery('INSERT INTO `ac...')
#3 F:\XAMPP\htdocs\GithubPI\e-money-kelompok-2\buskidistore\system\Database\BaseBuilder.php(1771): CodeIgniter\Database\BaseConnection->query('INSERT INTO `ac...', Array, false)
#4 F:\XAMPP\htdocs\GithubPI\e-money-kelompok-2\buskidistore\system\Model.php(239): CodeIgniter\Database\BaseBuilder->insert()
#5 F:\XAMPP\htdocs\GithubPI\e-money-kelompok-2\buskidistore\system\BaseModel.php(738): CodeIgniter\Model->doInsert(Array)
#6 F:\XAMPP\htdocs\GithubPI\e-money-kelompok-2\buskidistore\system\Model.php(625): CodeIgniter\BaseModel->insert(Array, false)
#7 F:\XAMPP\htdocs\GithubPI\e-money-kelompok-2\buskidistore\system\BaseModel.php(658): CodeIgniter\Model->insert(Array, false)
#8 F:\XAMPP\htdocs\GithubPI\e-money-kelompok-2\buskidistore\app\Controllers\buskidicoin\publics.php(29): CodeIgniter\BaseModel->save(Array)
#9 F:\XAMPP\htdocs\GithubPI\e-money-kelompok-2\buskidistore\system\CodeIgniter.php(832): App\Controllers\Buskidicoin\publics->register()
#10 F:\XAMPP\htdocs\GithubPI\e-money-kelompok-2\buskidistore\system\CodeIgniter.php(419): CodeIgniter\CodeIgniter->runController(Object(App\Controllers\Buskidicoin\publics))
#11 F:\XAMPP\htdocs\GithubPI\e-money-kelompok-2\buskidistore\system\CodeIgniter.php(326): CodeIgniter\CodeIgniter->handleRequest(NULL, Object(Config\Cache), false)
#12 F:\XAMPP\htdocs\GithubPI\e-money-kelompok-2\buskidistore\public\index.php(37): CodeIgniter\CodeIgniter->run()
#13 {main}
ERROR - 2022-04-11 13:32:49 --> Duplicate entry 'oke' for key 'account_username'
CRITICAL - 2022-04-11 13:32:49 --> Duplicate entry 'oke' for key 'account_username'
#0 F:\XAMPP\htdocs\GithubPI\e-money-kelompok-2\buskidistore\system\Database\MySQLi\Connection.php(292): mysqli->query('INSERT INTO `ac...', 0)
#1 F:\XAMPP\htdocs\GithubPI\e-money-kelompok-2\buskidistore\system\Database\BaseConnection.php(670): CodeIgniter\Database\MySQLi\Connection->execute('INSERT INTO `ac...')
#2 F:\XAMPP\htdocs\GithubPI\e-money-kelompok-2\buskidistore\system\Database\BaseConnection.php(598): CodeIgniter\Database\BaseConnection->simpleQuery('INSERT INTO `ac...')
#3 F:\XAMPP\htdocs\GithubPI\e-money-kelompok-2\buskidistore\system\Database\BaseBuilder.php(1771): CodeIgniter\Database\BaseConnection->query('INSERT INTO `ac...', Array, false)
#4 F:\XAMPP\htdocs\GithubPI\e-money-kelompok-2\buskidistore\system\Model.php(239): CodeIgniter\Database\BaseBuilder->insert()
#5 F:\XAMPP\htdocs\GithubPI\e-money-kelompok-2\buskidistore\system\BaseModel.php(738): CodeIgniter\Model->doInsert(Array)
#6 F:\XAMPP\htdocs\GithubPI\e-money-kelompok-2\buskidistore\system\Model.php(625): CodeIgniter\BaseModel->insert(Array, false)
#7 F:\XAMPP\htdocs\GithubPI\e-money-kelompok-2\buskidistore\system\BaseModel.php(658): CodeIgniter\Model->insert(Array, false)
#8 F:\XAMPP\htdocs\GithubPI\e-money-kelompok-2\buskidistore\app\Controllers\buskidicoin\publics.php(29): CodeIgniter\BaseModel->save(Array)
#9 F:\XAMPP\htdocs\GithubPI\e-money-kelompok-2\buskidistore\system\CodeIgniter.php(832): App\Controllers\Buskidicoin\publics->register()
#10 F:\XAMPP\htdocs\GithubPI\e-money-kelompok-2\buskidistore\system\CodeIgniter.php(419): CodeIgniter\CodeIgniter->runController(Object(App\Controllers\Buskidicoin\publics))
#11 F:\XAMPP\htdocs\GithubPI\e-money-kelompok-2\buskidistore\system\CodeIgniter.php(326): CodeIgniter\CodeIgniter->handleRequest(NULL, Object(Config\Cache), false)
#12 F:\XAMPP\htdocs\GithubPI\e-money-kelompok-2\buskidistore\public\index.php(37): CodeIgniter\CodeIgniter->run()
#13 {main}
ERROR - 2022-04-11 21:19:02 --> Duplicate entry '' for key 'account_username'
CRITICAL - 2022-04-11 21:19:02 --> Duplicate entry '' for key 'account_username'
#0 F:\XAMPP\htdocs\GithubPI\e-money-kelompok-2\buskidistore\system\Database\MySQLi\Connection.php(292): mysqli->query('INSERT INTO `ac...', 0)
#1 F:\XAMPP\htdocs\GithubPI\e-money-kelompok-2\buskidistore\system\Database\BaseConnection.php(670): CodeIgniter\Database\MySQLi\Connection->execute('INSERT INTO `ac...')
#2 F:\XAMPP\htdocs\GithubPI\e-money-kelompok-2\buskidistore\system\Database\BaseConnection.php(598): CodeIgniter\Database\BaseConnection->simpleQuery('INSERT INTO `ac...')
#3 F:\XAMPP\htdocs\GithubPI\e-money-kelompok-2\buskidistore\system\Database\BaseBuilder.php(1771): CodeIgniter\Database\BaseConnection->query('INSERT INTO `ac...', Array, false)
#4 F:\XAMPP\htdocs\GithubPI\e-money-kelompok-2\buskidistore\system\Model.php(239): CodeIgniter\Database\BaseBuilder->insert()
#5 F:\XAMPP\htdocs\GithubPI\e-money-kelompok-2\buskidistore\system\BaseModel.php(738): CodeIgniter\Model->doInsert(Array)
#6 F:\XAMPP\htdocs\GithubPI\e-money-kelompok-2\buskidistore\system\Model.php(625): CodeIgniter\BaseModel->insert(Array, false)
#7 F:\XAMPP\htdocs\GithubPI\e-money-kelompok-2\buskidistore\system\BaseModel.php(658): CodeIgniter\Model->insert(Array, false)
#8 F:\XAMPP\htdocs\GithubPI\e-money-kelompok-2\buskidistore\app\Controllers\buskidicoin\publics.php(29): CodeIgniter\BaseModel->save(Array)
#9 F:\XAMPP\htdocs\GithubPI\e-money-kelompok-2\buskidistore\system\CodeIgniter.php(832): App\Controllers\Buskidicoin\publics->register()
#10 F:\XAMPP\htdocs\GithubPI\e-money-kelompok-2\buskidistore\system\CodeIgniter.php(419): CodeIgniter\CodeIgniter->runController(Object(App\Controllers\Buskidicoin\publics))
#11 F:\XAMPP\htdocs\GithubPI\e-money-kelompok-2\buskidistore\system\CodeIgniter.php(326): CodeIgniter\CodeIgniter->handleRequest(NULL, Object(Config\Cache), false)
#12 F:\XAMPP\htdocs\GithubPI\e-money-kelompok-2\buskidistore\public\index.php(37): CodeIgniter\CodeIgniter->run()
#13 {main}
ERROR - 2022-04-11 21:19:14 --> Column 'account_username' cannot be null
CRITICAL - 2022-04-11 21:19:14 --> Column 'account_username' cannot be null
#0 F:\XAMPP\htdocs\GithubPI\e-money-kelompok-2\buskidistore\system\Database\MySQLi\Connection.php(292): mysqli->query('INSERT INTO `ac...', 0)
#1 F:\XAMPP\htdocs\GithubPI\e-money-kelompok-2\buskidistore\system\Database\BaseConnection.php(670): CodeIgniter\Database\MySQLi\Connection->execute('INSERT INTO `ac...')
#2 F:\XAMPP\htdocs\GithubPI\e-money-kelompok-2\buskidistore\system\Database\BaseConnection.php(598): CodeIgniter\Database\BaseConnection->simpleQuery('INSERT INTO `ac...')
#3 F:\XAMPP\htdocs\GithubPI\e-money-kelompok-2\buskidistore\system\Database\BaseBuilder.php(1771): CodeIgniter\Database\BaseConnection->query('INSERT INTO `ac...', Array, false)
#4 F:\XAMPP\htdocs\GithubPI\e-money-kelompok-2\buskidistore\system\Model.php(239): CodeIgniter\Database\BaseBuilder->insert()
#5 F:\XAMPP\htdocs\GithubPI\e-money-kelompok-2\buskidistore\system\BaseModel.php(738): CodeIgniter\Model->doInsert(Array)
#6 F:\XAMPP\htdocs\GithubPI\e-money-kelompok-2\buskidistore\system\Model.php(625): CodeIgniter\BaseModel->insert(Array, false)
#7 F:\XAMPP\htdocs\GithubPI\e-money-kelompok-2\buskidistore\system\BaseModel.php(658): CodeIgniter\Model->insert(Array, false)
#8 F:\XAMPP\htdocs\GithubPI\e-money-kelompok-2\buskidistore\app\Controllers\buskidicoin\publics.php(29): CodeIgniter\BaseModel->save(Array)
#9 F:\XAMPP\htdocs\GithubPI\e-money-kelompok-2\buskidistore\system\CodeIgniter.php(832): App\Controllers\Buskidicoin\publics->register()
#10 F:\XAMPP\htdocs\GithubPI\e-money-kelompok-2\buskidistore\system\CodeIgniter.php(419): CodeIgniter\CodeIgniter->runController(Object(App\Controllers\Buskidicoin\publics))
#11 F:\XAMPP\htdocs\GithubPI\e-money-kelompok-2\buskidistore\system\CodeIgniter.php(326): CodeIgniter\CodeIgniter->handleRequest(NULL, Object(Config\Cache), false)
#12 F:\XAMPP\htdocs\GithubPI\e-money-kelompok-2\buskidistore\public\index.php(37): CodeIgniter\CodeIgniter->run()
#13 {main}
CRITICAL - 2022-04-11 21:20:34 --> Silahkan masukkan username is not a valid rule.
#0 F:\XAMPP\htdocs\GithubPI\e-money-kelompok-2\buskidistore\system\Validation\Validation.php(300): CodeIgniter\Validation\Exceptions\ValidationException::forRuleNotFound('Silahkan masukk...')
#1 F:\XAMPP\htdocs\GithubPI\e-money-kelompok-2\buskidistore\system\Validation\Validation.php(157): CodeIgniter\Validation\Validation->processRules('account_usernam...', 'account_usernam...', NULL, Array, Array)
#2 F:\XAMPP\htdocs\GithubPI\e-money-kelompok-2\buskidistore\system\BaseModel.php(1347): CodeIgniter\Validation\Validation->run(Array, NULL, NULL)
#3 F:\XAMPP\htdocs\GithubPI\e-money-kelompok-2\buskidistore\system\BaseModel.php(707): CodeIgniter\BaseModel->validate(Array)
#4 F:\XAMPP\htdocs\GithubPI\e-money-kelompok-2\buskidistore\system\Model.php(625): CodeIgniter\BaseModel->insert(Array, false)
#5 F:\XAMPP\htdocs\GithubPI\e-money-kelompok-2\buskidistore\system\BaseModel.php(658): CodeIgniter\Model->insert(Array, false)
#6 F:\XAMPP\htdocs\GithubPI\e-money-kelompok-2\buskidistore\app\Controllers\buskidicoin\publics.php(29): CodeIgniter\BaseModel->save(Array)
#7 F:\XAMPP\htdocs\GithubPI\e-money-kelompok-2\buskidistore\system\CodeIgniter.php(832): App\Controllers\Buskidicoin\publics->register()
#8 F:\XAMPP\htdocs\GithubPI\e-money-kelompok-2\buskidistore\system\CodeIgniter.php(419): CodeIgniter\CodeIgniter->runController(Object(App\Controllers\Buskidicoin\publics))
#9 F:\XAMPP\htdocs\GithubPI\e-money-kelompok-2\buskidistore\system\CodeIgniter.php(326): CodeIgniter\CodeIgniter->handleRequest(NULL, Object(Config\Cache), false)
#10 F:\XAMPP\htdocs\GithubPI\e-money-kelompok-2\buskidistore\public\index.php(37): CodeIgniter\CodeIgniter->run()
#11 {main}
CRITICAL - 2022-04-11 21:20:41 --> Silahkan masukkan username is not a valid rule.
#0 F:\XAMPP\htdocs\GithubPI\e-money-kelompok-2\buskidistore\system\Validation\Validation.php(300): CodeIgniter\Validation\Exceptions\ValidationException::forRuleNotFound('Silahkan masukk...')
#1 F:\XAMPP\htdocs\GithubPI\e-money-kelompok-2\buskidistore\system\Validation\Validation.php(157): CodeIgniter\Validation\Validation->processRules('account_usernam...', 'account_usernam...', '', Array, Array)
#2 F:\XAMPP\htdocs\GithubPI\e-money-kelompok-2\buskidistore\system\BaseModel.php(1347): CodeIgniter\Validation\Validation->run(Array, NULL, NULL)
#3 F:\XAMPP\htdocs\GithubPI\e-money-kelompok-2\buskidistore\system\BaseModel.php(707): CodeIgniter\BaseModel->validate(Array)
#4 F:\XAMPP\htdocs\GithubPI\e-money-kelompok-2\buskidistore\system\Model.php(625): CodeIgniter\BaseModel->insert(Array, false)
#5 F:\XAMPP\htdocs\GithubPI\e-money-kelompok-2\buskidistore\system\BaseModel.php(658): CodeIgniter\Model->insert(Array, false)
#6 F:\XAMPP\htdocs\GithubPI\e-money-kelompok-2\buskidistore\app\Controllers\buskidicoin\publics.php(29): CodeIgniter\BaseModel->save(Array)
#7 F:\XAMPP\htdocs\GithubPI\e-money-kelompok-2\buskidistore\system\CodeIgniter.php(832): App\Controllers\Buskidicoin\publics->register()
#8 F:\XAMPP\htdocs\GithubPI\e-money-kelompok-2\buskidistore\system\CodeIgniter.php(419): CodeIgniter\CodeIgniter->runController(Object(App\Controllers\Buskidicoin\publics))
#9 F:\XAMPP\htdocs\GithubPI\e-money-kelompok-2\buskidistore\system\CodeIgniter.php(326): CodeIgniter\CodeIgniter->handleRequest(NULL, Object(Config\Cache), false)
#10 F:\XAMPP\htdocs\GithubPI\e-money-kelompok-2\buskidistore\public\index.php(37): CodeIgniter\CodeIgniter->run()
#11 {main}
ERROR - 2022-04-11 21:22:37 --> Duplicate entry 'coba' for key 'account_username'
CRITICAL - 2022-04-11 21:22:37 --> Duplicate entry 'coba' for key 'account_username'
#0 F:\XAMPP\htdocs\GithubPI\e-money-kelompok-2\buskidistore\system\Database\MySQLi\Connection.php(292): mysqli->query('INSERT INTO `ac...', 0)
#1 F:\XAMPP\htdocs\GithubPI\e-money-kelompok-2\buskidistore\system\Database\BaseConnection.php(670): CodeIgniter\Database\MySQLi\Connection->execute('INSERT INTO `ac...')
#2 F:\XAMPP\htdocs\GithubPI\e-money-kelompok-2\buskidistore\system\Database\BaseConnection.php(598): CodeIgniter\Database\BaseConnection->simpleQuery('INSERT INTO `ac...')
#3 F:\XAMPP\htdocs\GithubPI\e-money-kelompok-2\buskidistore\system\Database\BaseBuilder.php(1771): CodeIgniter\Database\BaseConnection->query('INSERT INTO `ac...', Array, false)
#4 F:\XAMPP\htdocs\GithubPI\e-money-kelompok-2\buskidistore\system\Model.php(239): CodeIgniter\Database\BaseBuilder->insert()
#5 F:\XAMPP\htdocs\GithubPI\e-money-kelompok-2\buskidistore\system\BaseModel.php(738): CodeIgniter\Model->doInsert(Array)
#6 F:\XAMPP\htdocs\GithubPI\e-money-kelompok-2\buskidistore\system\Model.php(625): CodeIgniter\BaseModel->insert(Array, false)
#7 F:\XAMPP\htdocs\GithubPI\e-money-kelompok-2\buskidistore\system\BaseModel.php(658): CodeIgniter\Model->insert(Array, false)
#8 F:\XAMPP\htdocs\GithubPI\e-money-kelompok-2\buskidistore\app\Controllers\buskidicoin\publics.php(29): CodeIgniter\BaseModel->save(Array)
#9 F:\XAMPP\htdocs\GithubPI\e-money-kelompok-2\buskidistore\system\CodeIgniter.php(832): App\Controllers\Buskidicoin\publics->register()
#10 F:\XAMPP\htdocs\GithubPI\e-money-kelompok-2\buskidistore\system\CodeIgniter.php(419): CodeIgniter\CodeIgniter->runController(Object(App\Controllers\Buskidicoin\publics))
#11 F:\XAMPP\htdocs\GithubPI\e-money-kelompok-2\buskidistore\system\CodeIgniter.php(326): CodeIgniter\CodeIgniter->handleRequest(NULL, Object(Config\Cache), false)
#12 F:\XAMPP\htdocs\GithubPI\e-money-kelompok-2\buskidistore\public\index.php(37): CodeIgniter\CodeIgniter->run()
#13 {main}
