CRITICAL - 2022-06-02 02:47:30 --> syntax error, unexpected token "=>", expecting "]"
#0 C:\xampp\htdocs\PI-backup\2\e-money-kelompok-2\system\Router\Router.php(175): CodeIgniter\Router\Router->autoRoute('Buskimarket/Add...')
#1 C:\xampp\htdocs\PI-backup\2\e-money-kelompok-2\system\CodeIgniter.php(726): CodeIgniter\Router\Router->handle('Buskimarket/Add...')
#2 C:\xampp\htdocs\PI-backup\2\e-money-kelompok-2\system\CodeIgniter.php(368): CodeIgniter\CodeIgniter->tryToRouteIt(Object(CodeIgniter\Router\RouteCollection))
#3 C:\xampp\htdocs\PI-backup\2\e-money-kelompok-2\system\CodeIgniter.php(326): CodeIgniter\CodeIgniter->handleRequest(NULL, Object(Config\Cache), false)
#4 C:\xampp\htdocs\PI-backup\2\e-money-kelompok-2\index.php(37): CodeIgniter\CodeIgniter->run()
#5 {main}
CRITICAL - 2022-06-02 02:49:41 --> syntax error, unexpected token ";", expecting "]"
#0 C:\xampp\htdocs\PI-backup\2\e-money-kelompok-2\system\Router\Router.php(175): CodeIgniter\Router\Router->autoRoute('Buskimarket/Add...')
#1 C:\xampp\htdocs\PI-backup\2\e-money-kelompok-2\system\CodeIgniter.php(726): CodeIgniter\Router\Router->handle('Buskimarket/Add...')
#2 C:\xampp\htdocs\PI-backup\2\e-money-kelompok-2\system\CodeIgniter.php(368): CodeIgniter\CodeIgniter->tryToRouteIt(Object(CodeIgniter\Router\RouteCollection))
#3 C:\xampp\htdocs\PI-backup\2\e-money-kelompok-2\system\CodeIgniter.php(326): CodeIgniter\CodeIgniter->handleRequest(NULL, Object(Config\Cache), false)
#4 C:\xampp\htdocs\PI-backup\2\e-money-kelompok-2\index.php(37): CodeIgniter\CodeIgniter->run()
#5 {main}
CRITICAL - 2022-06-02 03:07:27 --> Undefined variable $db
#0 C:\xampp\htdocs\PI-backup\2\e-money-kelompok-2\app\Models\item_m.php(38): CodeIgniter\Debug\Exceptions->errorHandler(2, 'Undefined varia...', 'C:\\xampp\\htdocs...', 38)
#1 C:\xampp\htdocs\PI-backup\2\e-money-kelompok-2\app\Controllers\buskimarket\seeItem.php(17): App\Models\item_m->see_all()
#2 C:\xampp\htdocs\PI-backup\2\e-money-kelompok-2\system\CodeIgniter.php(832): App\Controllers\Buskimarket\seeItem->index()
#3 C:\xampp\htdocs\PI-backup\2\e-money-kelompok-2\system\CodeIgniter.php(419): CodeIgniter\CodeIgniter->runController(Object(App\Controllers\Buskimarket\seeItem))
#4 C:\xampp\htdocs\PI-backup\2\e-money-kelompok-2\system\CodeIgniter.php(326): CodeIgniter\CodeIgniter->handleRequest(NULL, Object(Config\Cache), false)
#5 C:\xampp\htdocs\PI-backup\2\e-money-kelompok-2\index.php(37): CodeIgniter\CodeIgniter->run()
#6 {main}
CRITICAL - 2022-06-02 03:08:09 --> Call to undefined method CodeIgniter\Database\MySQLi\Result::result_array()
#0 C:\xampp\htdocs\PI-backup\2\e-money-kelompok-2\app\Controllers\buskimarket\seeItem.php(17): App\Models\item_m->see_all()
#1 C:\xampp\htdocs\PI-backup\2\e-money-kelompok-2\system\CodeIgniter.php(832): App\Controllers\Buskimarket\seeItem->index()
#2 C:\xampp\htdocs\PI-backup\2\e-money-kelompok-2\system\CodeIgniter.php(419): CodeIgniter\CodeIgniter->runController(Object(App\Controllers\Buskimarket\seeItem))
#3 C:\xampp\htdocs\PI-backup\2\e-money-kelompok-2\system\CodeIgniter.php(326): CodeIgniter\CodeIgniter->handleRequest(NULL, Object(Config\Cache), false)
#4 C:\xampp\htdocs\PI-backup\2\e-money-kelompok-2\index.php(37): CodeIgniter\CodeIgniter->run()
#5 {main}
CRITICAL - 2022-06-02 03:08:59 --> Call to undefined method CodeIgniter\Database\MySQLi\Result::result_array()
#0 C:\xampp\htdocs\PI-backup\2\e-money-kelompok-2\app\Controllers\buskimarket\seeItem.php(17): App\Models\item_m->see_all()
#1 C:\xampp\htdocs\PI-backup\2\e-money-kelompok-2\system\CodeIgniter.php(832): App\Controllers\Buskimarket\seeItem->index()
#2 C:\xampp\htdocs\PI-backup\2\e-money-kelompok-2\system\CodeIgniter.php(419): CodeIgniter\CodeIgniter->runController(Object(App\Controllers\Buskimarket\seeItem))
#3 C:\xampp\htdocs\PI-backup\2\e-money-kelompok-2\system\CodeIgniter.php(326): CodeIgniter\CodeIgniter->handleRequest(NULL, Object(Config\Cache), false)
#4 C:\xampp\htdocs\PI-backup\2\e-money-kelompok-2\index.php(37): CodeIgniter\CodeIgniter->run()
#5 {main}
CRITICAL - 2022-06-02 03:14:44 --> syntax error, unexpected token ";", expecting "]"
#0 C:\xampp\htdocs\PI-backup\2\e-money-kelompok-2\system\Autoloader\Autoloader.php(241): CodeIgniter\Autoloader\Autoloader->includeFile('C:\\xampp\\htdocs...')
#1 C:\xampp\htdocs\PI-backup\2\e-money-kelompok-2\system\Autoloader\Autoloader.php(219): CodeIgniter\Autoloader\Autoloader->loadInNamespace('App\\Controllers...')
#2 [internal function]: CodeIgniter\Autoloader\Autoloader->loadClass('App\\Controllers...')
#3 C:\xampp\htdocs\PI-backup\2\e-money-kelompok-2\system\CodeIgniter.php(797): class_exists('\\App\\Controller...', true)
#4 C:\xampp\htdocs\PI-backup\2\e-money-kelompok-2\system\CodeIgniter.php(406): CodeIgniter\CodeIgniter->startController()
#5 C:\xampp\htdocs\PI-backup\2\e-money-kelompok-2\system\CodeIgniter.php(326): CodeIgniter\CodeIgniter->handleRequest(NULL, Object(Config\Cache), false)
#6 C:\xampp\htdocs\PI-backup\2\e-money-kelompok-2\index.php(37): CodeIgniter\CodeIgniter->run()
#7 {main}
CRITICAL - 2022-06-02 03:19:51 --> Cannot use object of type stdClass as array
#0 C:\xampp\htdocs\PI-backup\2\e-money-kelompok-2\system\CodeIgniter.php(832): App\Controllers\Buskimarket\seeItem->index()
#1 C:\xampp\htdocs\PI-backup\2\e-money-kelompok-2\system\CodeIgniter.php(419): CodeIgniter\CodeIgniter->runController(Object(App\Controllers\Buskimarket\seeItem))
#2 C:\xampp\htdocs\PI-backup\2\e-money-kelompok-2\system\CodeIgniter.php(326): CodeIgniter\CodeIgniter->handleRequest(NULL, Object(Config\Cache), false)
#3 C:\xampp\htdocs\PI-backup\2\e-money-kelompok-2\index.php(37): CodeIgniter\CodeIgniter->run()
#4 {main}
ERROR - 2022-06-02 03:22:07 --> Not unique table/alias: 'item_m'
CRITICAL - 2022-06-02 03:22:07 --> Not unique table/alias: 'item_m'
#0 C:\xampp\htdocs\PI-backup\2\e-money-kelompok-2\system\Database\MySQLi\Connection.php(292): mysqli->query('SELECT *\nFROM `...', 0)
#1 C:\xampp\htdocs\PI-backup\2\e-money-kelompok-2\system\Database\BaseConnection.php(670): CodeIgniter\Database\MySQLi\Connection->execute('SELECT *\nFROM `...')
#2 C:\xampp\htdocs\PI-backup\2\e-money-kelompok-2\system\Database\BaseConnection.php(598): CodeIgniter\Database\BaseConnection->simpleQuery('SELECT *\nFROM `...')
#3 C:\xampp\htdocs\PI-backup\2\e-money-kelompok-2\system\Database\BaseBuilder.php(1455): CodeIgniter\Database\BaseConnection->query('SELECT *\nFROM `...', Array, false)
#4 C:\xampp\htdocs\PI-backup\2\e-money-kelompok-2\system\Model.php(728): CodeIgniter\Database\BaseBuilder->get()
#5 C:\xampp\htdocs\PI-backup\2\e-money-kelompok-2\app\Models\item_m.php(41): CodeIgniter\Model->__call('get', Array)
#6 C:\xampp\htdocs\PI-backup\2\e-money-kelompok-2\app\Controllers\buskimarket\seeItem.php(17): App\Models\item_m->see_all()
#7 C:\xampp\htdocs\PI-backup\2\e-money-kelompok-2\system\CodeIgniter.php(832): App\Controllers\Buskimarket\seeItem->index()
#8 C:\xampp\htdocs\PI-backup\2\e-money-kelompok-2\system\CodeIgniter.php(419): CodeIgniter\CodeIgniter->runController(Object(App\Controllers\Buskimarket\seeItem))
#9 C:\xampp\htdocs\PI-backup\2\e-money-kelompok-2\system\CodeIgniter.php(326): CodeIgniter\CodeIgniter->handleRequest(NULL, Object(Config\Cache), false)
#10 C:\xampp\htdocs\PI-backup\2\e-money-kelompok-2\index.php(37): CodeIgniter\CodeIgniter->run()
#11 {main}
ERROR - 2022-06-02 03:23:25 --> Not unique table/alias: 'item_m'
CRITICAL - 2022-06-02 03:23:25 --> Not unique table/alias: 'item_m'
#0 C:\xampp\htdocs\PI-backup\2\e-money-kelompok-2\system\Database\MySQLi\Connection.php(292): mysqli->query('SELECT *\nFROM `...', 0)
#1 C:\xampp\htdocs\PI-backup\2\e-money-kelompok-2\system\Database\BaseConnection.php(670): CodeIgniter\Database\MySQLi\Connection->execute('SELECT *\nFROM `...')
#2 C:\xampp\htdocs\PI-backup\2\e-money-kelompok-2\system\Database\BaseConnection.php(598): CodeIgniter\Database\BaseConnection->simpleQuery('SELECT *\nFROM `...')
#3 C:\xampp\htdocs\PI-backup\2\e-money-kelompok-2\system\Database\BaseBuilder.php(1455): CodeIgniter\Database\BaseConnection->query('SELECT *\nFROM `...', Array, false)
#4 C:\xampp\htdocs\PI-backup\2\e-money-kelompok-2\system\Model.php(728): CodeIgniter\Database\BaseBuilder->get()
#5 C:\xampp\htdocs\PI-backup\2\e-money-kelompok-2\app\Models\item_m.php(41): CodeIgniter\Model->__call('get', Array)
#6 C:\xampp\htdocs\PI-backup\2\e-money-kelompok-2\app\Controllers\buskimarket\seeItem.php(17): App\Models\item_m->see_all()
#7 C:\xampp\htdocs\PI-backup\2\e-money-kelompok-2\system\CodeIgniter.php(832): App\Controllers\Buskimarket\seeItem->index()
#8 C:\xampp\htdocs\PI-backup\2\e-money-kelompok-2\system\CodeIgniter.php(419): CodeIgniter\CodeIgniter->runController(Object(App\Controllers\Buskimarket\seeItem))
#9 C:\xampp\htdocs\PI-backup\2\e-money-kelompok-2\system\CodeIgniter.php(326): CodeIgniter\CodeIgniter->handleRequest(NULL, Object(Config\Cache), false)
#10 C:\xampp\htdocs\PI-backup\2\e-money-kelompok-2\index.php(37): CodeIgniter\CodeIgniter->run()
#11 {main}
ERROR - 2022-06-02 03:23:46 --> Not unique table/alias: 'item_m'
CRITICAL - 2022-06-02 03:23:46 --> Not unique table/alias: 'item_m'
#0 C:\xampp\htdocs\PI-backup\2\e-money-kelompok-2\system\Database\MySQLi\Connection.php(292): mysqli->query('SELECT *\nFROM `...', 0)
#1 C:\xampp\htdocs\PI-backup\2\e-money-kelompok-2\system\Database\BaseConnection.php(670): CodeIgniter\Database\MySQLi\Connection->execute('SELECT *\nFROM `...')
#2 C:\xampp\htdocs\PI-backup\2\e-money-kelompok-2\system\Database\BaseConnection.php(598): CodeIgniter\Database\BaseConnection->simpleQuery('SELECT *\nFROM `...')
#3 C:\xampp\htdocs\PI-backup\2\e-money-kelompok-2\system\Database\BaseBuilder.php(1455): CodeIgniter\Database\BaseConnection->query('SELECT *\nFROM `...', Array, false)
#4 C:\xampp\htdocs\PI-backup\2\e-money-kelompok-2\system\Model.php(728): CodeIgniter\Database\BaseBuilder->get()
#5 C:\xampp\htdocs\PI-backup\2\e-money-kelompok-2\app\Models\item_m.php(41): CodeIgniter\Model->__call('get', Array)
#6 C:\xampp\htdocs\PI-backup\2\e-money-kelompok-2\app\Controllers\buskimarket\seeItem.php(17): App\Models\item_m->see_all()
#7 C:\xampp\htdocs\PI-backup\2\e-money-kelompok-2\system\CodeIgniter.php(832): App\Controllers\Buskimarket\seeItem->index()
#8 C:\xampp\htdocs\PI-backup\2\e-money-kelompok-2\system\CodeIgniter.php(419): CodeIgniter\CodeIgniter->runController(Object(App\Controllers\Buskimarket\seeItem))
#9 C:\xampp\htdocs\PI-backup\2\e-money-kelompok-2\system\CodeIgniter.php(326): CodeIgniter\CodeIgniter->handleRequest(NULL, Object(Config\Cache), false)
#10 C:\xampp\htdocs\PI-backup\2\e-money-kelompok-2\index.php(37): CodeIgniter\CodeIgniter->run()
#11 {main}
