CRITICAL - 2022-05-31 03:37:36 --> Class 'App\Controllers\buskimarket\BaseController' not found
#0 D:\Programs\XAMPP\htdocs\e-money-kelompok-2\system\Router\Router.php(518): include_once()
#1 D:\Programs\XAMPP\htdocs\e-money-kelompok-2\system\Router\Router.php(175): CodeIgniter\Router\Router->autoRoute('buskimarket/Hom...')
#2 D:\Programs\XAMPP\htdocs\e-money-kelompok-2\system\CodeIgniter.php(726): CodeIgniter\Router\Router->handle('buskimarket/Hom...')
#3 D:\Programs\XAMPP\htdocs\e-money-kelompok-2\system\CodeIgniter.php(368): CodeIgniter\CodeIgniter->tryToRouteIt(Object(CodeIgniter\Router\RouteCollection))
#4 D:\Programs\XAMPP\htdocs\e-money-kelompok-2\system\CodeIgniter.php(326): CodeIgniter\CodeIgniter->handleRequest(NULL, Object(Config\Cache), false)
#5 D:\Programs\XAMPP\htdocs\e-money-kelompok-2\index.php(37): CodeIgniter\CodeIgniter->run()
#6 {main}
CRITICAL - 2022-05-31 03:37:49 --> Class 'App\Controllers\Buskimarket\BaseController' not found
#0 D:\Programs\XAMPP\htdocs\e-money-kelompok-2\system\Router\Router.php(518): include_once()
#1 D:\Programs\XAMPP\htdocs\e-money-kelompok-2\system\Router\Router.php(175): CodeIgniter\Router\Router->autoRoute('buskimarket/Hom...')
#2 D:\Programs\XAMPP\htdocs\e-money-kelompok-2\system\CodeIgniter.php(726): CodeIgniter\Router\Router->handle('buskimarket/Hom...')
#3 D:\Programs\XAMPP\htdocs\e-money-kelompok-2\system\CodeIgniter.php(368): CodeIgniter\CodeIgniter->tryToRouteIt(Object(CodeIgniter\Router\RouteCollection))
#4 D:\Programs\XAMPP\htdocs\e-money-kelompok-2\system\CodeIgniter.php(326): CodeIgniter\CodeIgniter->handleRequest(NULL, Object(Config\Cache), false)
#5 D:\Programs\XAMPP\htdocs\e-money-kelompok-2\index.php(37): CodeIgniter\CodeIgniter->run()
#6 {main}
CRITICAL - 2022-05-31 03:37:52 --> Class 'App\Controllers\Buskimarket\BaseController' not found
#0 D:\Programs\XAMPP\htdocs\e-money-kelompok-2\system\Router\Router.php(518): include_once()
#1 D:\Programs\XAMPP\htdocs\e-money-kelompok-2\system\Router\Router.php(175): CodeIgniter\Router\Router->autoRoute('Buskimarket/Hom...')
#2 D:\Programs\XAMPP\htdocs\e-money-kelompok-2\system\CodeIgniter.php(726): CodeIgniter\Router\Router->handle('Buskimarket/Hom...')
#3 D:\Programs\XAMPP\htdocs\e-money-kelompok-2\system\CodeIgniter.php(368): CodeIgniter\CodeIgniter->tryToRouteIt(Object(CodeIgniter\Router\RouteCollection))
#4 D:\Programs\XAMPP\htdocs\e-money-kelompok-2\system\CodeIgniter.php(326): CodeIgniter\CodeIgniter->handleRequest(NULL, Object(Config\Cache), false)
#5 D:\Programs\XAMPP\htdocs\e-money-kelompok-2\index.php(37): CodeIgniter\CodeIgniter->run()
#6 {main}
CRITICAL - 2022-05-31 03:38:39 --> Call to undefined method App\Controllers\Buskimarket\Register::fail()
#0 D:\Programs\XAMPP\htdocs\e-money-kelompok-2\system\CodeIgniter.php(832): App\Controllers\Buskimarket\Register->index()
#1 D:\Programs\XAMPP\htdocs\e-money-kelompok-2\system\CodeIgniter.php(419): CodeIgniter\CodeIgniter->runController(Object(App\Controllers\Buskimarket\Register))
#2 D:\Programs\XAMPP\htdocs\e-money-kelompok-2\system\CodeIgniter.php(326): CodeIgniter\CodeIgniter->handleRequest(NULL, Object(Config\Cache), false)
#3 D:\Programs\XAMPP\htdocs\e-money-kelompok-2\index.php(37): CodeIgniter\CodeIgniter->run()
#4 {main}
CRITICAL - 2022-05-31 03:38:56 --> Call to undefined method App\Controllers\Buskimarket\Register::fail()
#0 D:\Programs\XAMPP\htdocs\e-money-kelompok-2\system\CodeIgniter.php(832): App\Controllers\Buskimarket\Register->index()
#1 D:\Programs\XAMPP\htdocs\e-money-kelompok-2\system\CodeIgniter.php(419): CodeIgniter\CodeIgniter->runController(Object(App\Controllers\Buskimarket\Register))
#2 D:\Programs\XAMPP\htdocs\e-money-kelompok-2\system\CodeIgniter.php(326): CodeIgniter\CodeIgniter->handleRequest(NULL, Object(Config\Cache), false)
#3 D:\Programs\XAMPP\htdocs\e-money-kelompok-2\index.php(37): CodeIgniter\CodeIgniter->run()
#4 {main}
ERROR - 2022-05-31 03:42:11 --> Error connecting to the database: Unknown database 'pi_buskidicoin_new2'
CRITICAL - 2022-05-31 03:42:11 --> Unable to connect to the database.
Main connection [MySQLi]: Unknown database 'pi_buskidicoin_new2'
#0 D:\Programs\XAMPP\htdocs\e-money-kelompok-2\system\Database\BaseConnection.php(577): CodeIgniter\Database\BaseConnection->initialize()
#1 D:\Programs\XAMPP\htdocs\e-money-kelompok-2\system\Database\BaseBuilder.php(1455): CodeIgniter\Database\BaseConnection->query('SELECT 1\nFROM `...', Array, false)
#2 D:\Programs\XAMPP\htdocs\e-money-kelompok-2\system\Validation\Rules.php(142): CodeIgniter\Database\BaseBuilder->get()
#3 D:\Programs\XAMPP\htdocs\e-money-kelompok-2\system\Validation\Validation.php(292): CodeIgniter\Validation\Rules->is_unique('arielaliski', 'username', Array, NULL)
#4 D:\Programs\XAMPP\htdocs\e-money-kelompok-2\system\Validation\Validation.php(157): CodeIgniter\Validation\Validation->processRules('username', 'username', 'arielaliski', Array, Array)
#5 D:\Programs\XAMPP\htdocs\e-money-kelompok-2\system\BaseModel.php(1347): CodeIgniter\Validation\Validation->run(Array, NULL, NULL)
#6 D:\Programs\XAMPP\htdocs\e-money-kelompok-2\system\BaseModel.php(707): CodeIgniter\BaseModel->validate(Array)
#7 D:\Programs\XAMPP\htdocs\e-money-kelompok-2\system\Model.php(625): CodeIgniter\BaseModel->insert(Array, false)
#8 D:\Programs\XAMPP\htdocs\e-money-kelompok-2\system\BaseModel.php(658): CodeIgniter\Model->insert(Array, false)
#9 D:\Programs\XAMPP\htdocs\e-money-kelompok-2\app\Controllers\buskimarket\Register.php(27): CodeIgniter\BaseModel->save(Array)
#10 D:\Programs\XAMPP\htdocs\e-money-kelompok-2\system\CodeIgniter.php(832): App\Controllers\Buskimarket\Register->index()
#11 D:\Programs\XAMPP\htdocs\e-money-kelompok-2\system\CodeIgniter.php(419): CodeIgniter\CodeIgniter->runController(Object(App\Controllers\Buskimarket\Register))
#12 D:\Programs\XAMPP\htdocs\e-money-kelompok-2\system\CodeIgniter.php(326): CodeIgniter\CodeIgniter->handleRequest(NULL, Object(Config\Cache), false)
#13 D:\Programs\XAMPP\htdocs\e-money-kelompok-2\index.php(37): CodeIgniter\CodeIgniter->run()
#14 {main}
ERROR - 2022-05-31 03:42:23 --> Error connecting to the database: Unknown database 'pi_buskidicoin_new2'
CRITICAL - 2022-05-31 03:42:23 --> Unable to connect to the database.
Main connection [MySQLi]: Unknown database 'pi_buskidicoin_new2'
#0 D:\Programs\XAMPP\htdocs\e-money-kelompok-2\system\Database\BaseConnection.php(577): CodeIgniter\Database\BaseConnection->initialize()
#1 D:\Programs\XAMPP\htdocs\e-money-kelompok-2\system\Database\BaseBuilder.php(1455): CodeIgniter\Database\BaseConnection->query('SELECT 1\nFROM `...', Array, false)
#2 D:\Programs\XAMPP\htdocs\e-money-kelompok-2\system\Validation\Rules.php(142): CodeIgniter\Database\BaseBuilder->get()
#3 D:\Programs\XAMPP\htdocs\e-money-kelompok-2\system\Validation\Validation.php(292): CodeIgniter\Validation\Rules->is_unique('arielaliski', 'username', Array, NULL)
#4 D:\Programs\XAMPP\htdocs\e-money-kelompok-2\system\Validation\Validation.php(157): CodeIgniter\Validation\Validation->processRules('username', 'username', 'arielaliski', Array, Array)
#5 D:\Programs\XAMPP\htdocs\e-money-kelompok-2\system\BaseModel.php(1347): CodeIgniter\Validation\Validation->run(Array, NULL, NULL)
#6 D:\Programs\XAMPP\htdocs\e-money-kelompok-2\system\BaseModel.php(707): CodeIgniter\BaseModel->validate(Array)
#7 D:\Programs\XAMPP\htdocs\e-money-kelompok-2\system\Model.php(625): CodeIgniter\BaseModel->insert(Array, false)
#8 D:\Programs\XAMPP\htdocs\e-money-kelompok-2\system\BaseModel.php(658): CodeIgniter\Model->insert(Array, false)
#9 D:\Programs\XAMPP\htdocs\e-money-kelompok-2\app\Controllers\buskimarket\Register.php(27): CodeIgniter\BaseModel->save(Array)
#10 D:\Programs\XAMPP\htdocs\e-money-kelompok-2\system\CodeIgniter.php(832): App\Controllers\Buskimarket\Register->index()
#11 D:\Programs\XAMPP\htdocs\e-money-kelompok-2\system\CodeIgniter.php(419): CodeIgniter\CodeIgniter->runController(Object(App\Controllers\Buskimarket\Register))
#12 D:\Programs\XAMPP\htdocs\e-money-kelompok-2\system\CodeIgniter.php(326): CodeIgniter\CodeIgniter->handleRequest(NULL, Object(Config\Cache), false)
#13 D:\Programs\XAMPP\htdocs\e-money-kelompok-2\index.php(37): CodeIgniter\CodeIgniter->run()
#14 {main}
